#
# There is insufficient memory for the Java Runtime Environment to continue.
# Native memory allocation (malloc) failed to allocate 1048576 bytes. Error detail: AllocateHeap
# Possible reasons:
#   The system is out of physical RAM or swap space
#   This process is running with CompressedOops enabled, and the Java Heap may be blocking the growth of the native heap
# Possible solutions:
#   Reduce memory load on the system
#   Increase physical memory or swap space
#   Check if swap backing store is full
#   Decrease Java heap size (-Xmx/-Xms)
#   Decrease number of Java threads
#   Decrease Java thread stack sizes (-Xss)
#   Set larger code cache with -XX:ReservedCodeCacheSize=
#   JVM is running with Unscaled Compressed Oops mode in which the Java heap is
#     placed in the first 4GB address space. The Java Heap base address is the
#     maximum limit for the native heap growth. Please use -XX:HeapBaseMinAddress
#     to set the Java Heap base and to place the Java Heap above 4GB virtual address.
# This output file may be truncated or incomplete.
#
#  Out of Memory Error (allocation.cpp:44), pid=12592, tid=14312
#
# JRE version: OpenJDK Runtime Environment JBR-21.0.6+9-895.109-jcef (21.0.6+9) (build 21.0.6+9-b895.109)
# Java VM: OpenJDK 64-Bit Server VM JBR-21.0.6+9-895.109-jcef (21.0.6+9-b895.109, mixed mode, sharing, tiered, compressed oops, compressed class ptrs, g1 gc, windows-amd64)
# No core dump will be written. Minidumps are not enabled by default on client versions of Windows
#

---------------  S U M M A R Y ------------

Command Line: -Djava.rmi.server.hostname=127.0.0.1 -Duser.timezone=UTC -Xmx2048m -Xms128m -Djdbc.classpath=C:\Users\awoni\AppData\Local\Temp\RemoteDriver1.classpath.txt --add-exports=java.desktop/sun.awt=ALL-UNNAMED --add-exports=java.desktop/java.awt.peer=ALL-UNNAMED --add-opens=java.desktop/java.awt=ALL-UNNAMED --add-opens=jdk.unsupported/sun.misc=ALL-UNNAMED --add-opens=java.base/java.nio=ALL-UNNAMED --add-opens=java.base/java.util=ALL-UNNAMED -Dfile.encoding=UTF-8 -Dsun.stdout.encoding=UTF-8 -Dsun.stderr.encoding=UTF-8 com.intellij.database.remote.RemoteJdbcServer org.postgresql.Driver

Host: Intel(R) Core(TM) i7-10510U CPU @ 1.80GHz, 8 cores, 11G,  Windows 11 , 64 bit Build 26100 (10.0.26100.3775)
Time: Fri May 16 10:45:03 2025 W. Central Africa Standard Time elapsed time: 3601.072928 seconds (0d 1h 0m 1s)

---------------  T H R E A D  ---------------

Current thread (0x000002c8a44037e0):  VMThread "VM Thread"          [id=14312, stack(0x000000ed06400000,0x000000ed06500000) (1024K)]

Stack: [0x000000ed06400000,0x000000ed06500000]
Native frames: (J=compiled Java code, j=interpreted, Vv=VM code, C=native code)
V  [jvm.dll+0x6e5cb9]
V  [jvm.dll+0x8c4113]
V  [jvm.dll+0x8c666e]
V  [jvm.dll+0x8c6d53]
V  [jvm.dll+0x288f76]
V  [jvm.dll+0xc0e57]
V  [jvm.dll+0x353dd2]
V  [jvm.dll+0x34d76e]
V  [jvm.dll+0x3357d9]
V  [jvm.dll+0x379b4a]
V  [jvm.dll+0x8ccad8]
V  [jvm.dll+0x8cde54]
V  [jvm.dll+0x8ce390]
V  [jvm.dll+0x8ce623]
V  [jvm.dll+0x86bc68]
V  [jvm.dll+0x6e44bd]
C  [ucrtbase.dll+0x37b0]
C  [KERNEL32.DLL+0x2e8d7]
C  [ntdll.dll+0xb14fc]

VM_Operation (0x000000ed073ff030): G1CollectFull, mode: safepoint, requested by thread 0x000002c8ea01c6c0


---------------  P R O C E S S  ---------------

Threads class SMR info:
_java_thread_list=0x000002c8ea7523f0, length=19, elements={
0x000002c889a65710, 0x000002c8a4426e10, 0x000002c8a4428580, 0x000002c8a442de10,
0x000002c8a442e860, 0x000002c8a442f2b0, 0x000002c8a442fd00, 0x000002c8a4431350,
0x000002c8a44357b0, 0x000002c8a46a4300, 0x000002c8a46b1c80, 0x000002c8ea3d6390,
0x000002c8a490eb00, 0x000002c8ea01c060, 0x000002c8ea01c6c0, 0x000002c8a498dd70,
0x000002c8ea426120, 0x000002c8ea424d70, 0x000002c8ea4239c0
}

Java Threads: ( => current thread )
  0x000002c889a65710 JavaThread "main"                              [_thread_blocked, id=12084, stack(0x000000ed05d00000,0x000000ed05e00000) (1024K)]
  0x000002c8a4426e10 JavaThread "Reference Handler"          daemon [_thread_blocked, id=16864, stack(0x000000ed06500000,0x000000ed06600000) (1024K)]
  0x000002c8a4428580 JavaThread "Finalizer"                  daemon [_thread_blocked, id=12524, stack(0x000000ed06600000,0x000000ed06700000) (1024K)]
  0x000002c8a442de10 JavaThread "Signal Dispatcher"          daemon [_thread_blocked, id=10120, stack(0x000000ed06700000,0x000000ed06800000) (1024K)]
  0x000002c8a442e860 JavaThread "Attach Listener"            daemon [_thread_blocked, id=4164, stack(0x000000ed06800000,0x000000ed06900000) (1024K)]
  0x000002c8a442f2b0 JavaThread "Service Thread"             daemon [_thread_blocked, id=22328, stack(0x000000ed06900000,0x000000ed06a00000) (1024K)]
  0x000002c8a442fd00 JavaThread "Monitor Deflation Thread"   daemon [_thread_blocked, id=13728, stack(0x000000ed06a00000,0x000000ed06b00000) (1024K)]
  0x000002c8a4431350 JavaThread "C2 CompilerThread0"         daemon [_thread_blocked, id=5608, stack(0x000000ed06b00000,0x000000ed06c00000) (1024K)]
  0x000002c8a44357b0 JavaThread "C1 CompilerThread0"         daemon [_thread_blocked, id=6520, stack(0x000000ed06c00000,0x000000ed06d00000) (1024K)]
  0x000002c8a46a4300 JavaThread "Common-Cleaner"             daemon [_thread_blocked, id=15744, stack(0x000000ed06d00000,0x000000ed06e00000) (1024K)]
  0x000002c8a46b1c80 JavaThread "Notification Thread"        daemon [_thread_blocked, id=19412, stack(0x000000ed06e00000,0x000000ed06f00000) (1024K)]
  0x000002c8ea3d6390 JavaThread "RMI TCP Accept-15846"       daemon [_thread_in_native, id=24460, stack(0x000000ed07000000,0x000000ed07100000) (1024K)]
  0x000002c8a490eb00 JavaThread "RMI TCP Accept-0"           daemon [_thread_in_native, id=8072, stack(0x000000ed07100000,0x000000ed07200000) (1024K)]
  0x000002c8ea01c060 JavaThread "RMI Reaper"                        [_thread_blocked, id=9928, stack(0x000000ed07200000,0x000000ed07300000) (1024K)]
  0x000002c8ea01c6c0 JavaThread "RMI GC Daemon"              daemon [_thread_blocked, id=27160, stack(0x000000ed07300000,0x000000ed07400000) (1024K)]
  0x000002c8a498dd70 JavaThread "RMI TCP Connection(1)-127.0.0.1" daemon [_thread_in_native, id=4980, stack(0x000000ed07400000,0x000000ed07500000) (1024K)]
  0x000002c8ea426120 JavaThread "RMI Scheduler(0)"           daemon [_thread_blocked, id=18476, stack(0x000000ed07800000,0x000000ed07900000) (1024K)]
  0x000002c8ea424d70 JavaThread "RMI RenewClean-[127.0.0.1:62616]" daemon [_thread_blocked, id=13696, stack(0x000000ed07900000,0x000000ed07a00000) (1024K)]
  0x000002c8ea4239c0 JavaThread "RMI TCP Connection(8)-127.0.0.1" daemon [_thread_in_native, id=15212, stack(0x000000ed05c00000,0x000000ed05d00000) (1024K)]
Total: 19

Other Threads:
=>0x000002c8a44037e0 VMThread "VM Thread"                           [id=14312, stack(0x000000ed06400000,0x000000ed06500000) (1024K)]
  0x000002c8a43f3000 WatcherThread "VM Periodic Task Thread"        [id=6192, stack(0x000000ed06300000,0x000000ed06400000) (1024K)]
  0x000002c88bee49d0 WorkerThread "GC Thread#0"                     [id=19140, stack(0x000000ed05e00000,0x000000ed05f00000) (1024K)]
  0x000002c8ea15ed30 WorkerThread "GC Thread#1"                     [id=28104, stack(0x000000ed06f00000,0x000000ed07000000) (1024K)]
  0x000002c8ea15f0d0 WorkerThread "GC Thread#2"                     [id=18300, stack(0x000000ed07a00000,0x000000ed07b00000) (1024K)]
  0x000002c8ea15f470 WorkerThread "GC Thread#3"                     [id=18408, stack(0x000000ed07b00000,0x000000ed07c00000) (1024K)]
  0x000002c8ea5a1bf0 WorkerThread "GC Thread#4"                     [id=11008, stack(0x000000ed07c00000,0x000000ed07d00000) (1024K)]
  0x000002c8ea16e100 WorkerThread "GC Thread#5"                     [id=22396, stack(0x000000ed07d00000,0x000000ed07e00000) (1024K)]
  0x000002c8ea589a30 WorkerThread "GC Thread#6"                     [id=8080, stack(0x000000ed07e00000,0x000000ed07f00000) (1024K)]
  0x000002c8ea579bf0 WorkerThread "GC Thread#7"                     [id=23516, stack(0x000000ed07f00000,0x000000ed08000000) (1024K)]
  0x000002c88bef58c0 ConcurrentGCThread "G1 Main Marker"            [id=24316, stack(0x000000ed05f00000,0x000000ed06000000) (1024K)]
  0x000002c88bef62d0 WorkerThread "G1 Conc#0"                       [id=17788, stack(0x000000ed06000000,0x000000ed06100000) (1024K)]
  0x000002c8a42b5930 ConcurrentGCThread "G1 Refine#0"               [id=25244, stack(0x000000ed06100000,0x000000ed06200000) (1024K)]
  0x000002c8a42b6150 ConcurrentGCThread "G1 Service"                [id=9752, stack(0x000000ed06200000,0x000000ed06300000) (1024K)]
Total: 14

Threads with active compile tasks:
Total: 0

VM state: at safepoint (normal execution)

VM Mutex/Monitor currently owned by a thread:  ([mutex/lock_event])
[0x00007ffa0baeea30] Threads_lock - owner thread: 0x000002c8a44037e0
[0x00007ffa0baeeb30] Heap_lock - owner thread: 0x000002c8ea01c6c0

Heap address: 0x0000000080000000, size: 2048 MB, Compressed Oops mode: 32-bit

CDS archive(s) mapped at: [0x000002c8a5000000-0x000002c8a5d00000-0x000002c8a5d00000), size 13631488, SharedBaseAddress: 0x000002c8a5000000, ArchiveRelocationMode: 1.
Compressed class space mapped at: 0x000002c8a6000000-0x000002c8e6000000, reserved size: 1073741824
Narrow klass base: 0x000002c8a5000000, Narrow klass shift: 0, Narrow klass range: 0x100000000

GC Precious Log:
 CardTable entry size: 512
 Card Set container configuration: InlinePtr #cards 5 size 8 Array Of Cards #cards 12 size 40 Howl #buckets 4 coarsen threshold 1843 Howl Bitmap #cards 512 size 80 coarsen threshold 460 Card regions per heap region 1 cards per card region 2048
 CPUs: 8 total, 8 available
 Memory: 12069M
 Large Page Support: Disabled
 NUMA Support: Disabled
 Compressed Oops: Enabled (32-bit)
 Heap Region Size: 1M
 Heap Min Capacity: 128M
 Heap Initial Capacity: 128M
 Heap Max Capacity: 2G
 Pre-touch: Disabled
 Parallel Workers: 8
 Concurrent Workers: 2
 Concurrent Refinement Workers: 8
 Periodic GC: Disabled

Heap:
 garbage-first heap   total 131072K, used 69221K [0x0000000080000000, 0x0000000100000000)
  region size 1024K, 61 young (62464K), 4 survivors (4096K)
 Metaspace       used 14078K, committed 14592K, reserved 1114112K
  class space    used 1559K, committed 1792K, reserved 1048576K

Heap Regions: E=young(eden), S=young(survivor), O=old, HS=humongous(starts), HC=humongous(continues), CS=collection set, F=free, TAMS=top-at-mark-start, PB=parsable bottom
|   0|0x0000000080000000, 0x0000000080100000, 0x0000000080100000|100%|HS|  |TAMS 0x0000000080000000| PB 0x0000000080000000| Complete 
|   1|0x0000000080100000, 0x0000000080200000, 0x0000000080200000|100%|HC|  |TAMS 0x0000000080100000| PB 0x0000000080100000| Complete 
|   2|0x0000000080200000, 0x0000000080300000, 0x0000000080300000|100%|HS|  |TAMS 0x0000000080200000| PB 0x0000000080200000| Complete 
|   3|0x0000000080300000, 0x0000000080400000, 0x0000000080400000|100%|HS|  |TAMS 0x0000000080300000| PB 0x0000000080300000| Complete 
|   4|0x0000000080400000, 0x0000000080500000, 0x0000000080500000|100%| O|  |TAMS 0x0000000080400000| PB 0x0000000080400000| Untracked 
|   5|0x0000000080500000, 0x0000000080600000, 0x0000000080600000|100%| O|  |TAMS 0x0000000080500000| PB 0x0000000080500000| Untracked 
|   6|0x0000000080600000, 0x0000000080700000, 0x0000000080700000|100%| O|  |TAMS 0x0000000080600000| PB 0x0000000080600000| Untracked 
|   7|0x0000000080700000, 0x0000000080800000, 0x0000000080800000|100%| O|  |TAMS 0x0000000080700000| PB 0x0000000080700000| Untracked 
|   8|0x0000000080800000, 0x0000000080900000, 0x0000000080900000|100%| O|  |TAMS 0x0000000080800000| PB 0x0000000080800000| Untracked 
|   9|0x0000000080900000, 0x0000000080918830, 0x0000000080a00000|  9%| O|  |TAMS 0x0000000080900000| PB 0x0000000080900000| Untracked 
|  10|0x0000000080a00000, 0x0000000080a00000, 0x0000000080b00000|  0%| F|  |TAMS 0x0000000080a00000| PB 0x0000000080a00000| Untracked 
|  11|0x0000000080b00000, 0x0000000080b00000, 0x0000000080c00000|  0%| F|  |TAMS 0x0000000080b00000| PB 0x0000000080b00000| Untracked 
|  12|0x0000000080c00000, 0x0000000080c00000, 0x0000000080d00000|  0%| F|  |TAMS 0x0000000080c00000| PB 0x0000000080c00000| Untracked 
|  13|0x0000000080d00000, 0x0000000080d00000, 0x0000000080e00000|  0%| F|  |TAMS 0x0000000080d00000| PB 0x0000000080d00000| Untracked 
|  14|0x0000000080e00000, 0x0000000080e00000, 0x0000000080f00000|  0%| F|  |TAMS 0x0000000080e00000| PB 0x0000000080e00000| Untracked 
|  15|0x0000000080f00000, 0x0000000080f00000, 0x0000000081000000|  0%| F|  |TAMS 0x0000000080f00000| PB 0x0000000080f00000| Untracked 
|  16|0x0000000081000000, 0x0000000081000000, 0x0000000081100000|  0%| F|  |TAMS 0x0000000081000000| PB 0x0000000081000000| Untracked 
|  17|0x0000000081100000, 0x0000000081100000, 0x0000000081200000|  0%| F|  |TAMS 0x0000000081100000| PB 0x0000000081100000| Untracked 
|  18|0x0000000081200000, 0x0000000081200000, 0x0000000081300000|  0%| F|  |TAMS 0x0000000081200000| PB 0x0000000081200000| Untracked 
|  19|0x0000000081300000, 0x0000000081300000, 0x0000000081400000|  0%| F|  |TAMS 0x0000000081300000| PB 0x0000000081300000| Untracked 
|  20|0x0000000081400000, 0x0000000081400000, 0x0000000081500000|  0%| F|  |TAMS 0x0000000081400000| PB 0x0000000081400000| Untracked 
|  21|0x0000000081500000, 0x0000000081500000, 0x0000000081600000|  0%| F|  |TAMS 0x0000000081500000| PB 0x0000000081500000| Untracked 
|  22|0x0000000081600000, 0x0000000081600000, 0x0000000081700000|  0%| F|  |TAMS 0x0000000081600000| PB 0x0000000081600000| Untracked 
|  23|0x0000000081700000, 0x0000000081700000, 0x0000000081800000|  0%| F|  |TAMS 0x0000000081700000| PB 0x0000000081700000| Untracked 
|  24|0x0000000081800000, 0x0000000081800000, 0x0000000081900000|  0%| F|  |TAMS 0x0000000081800000| PB 0x0000000081800000| Untracked 
|  25|0x0000000081900000, 0x0000000081900000, 0x0000000081a00000|  0%| F|  |TAMS 0x0000000081900000| PB 0x0000000081900000| Untracked 
|  26|0x0000000081a00000, 0x0000000081a00000, 0x0000000081b00000|  0%| F|  |TAMS 0x0000000081a00000| PB 0x0000000081a00000| Untracked 
|  27|0x0000000081b00000, 0x0000000081b00000, 0x0000000081c00000|  0%| F|  |TAMS 0x0000000081b00000| PB 0x0000000081b00000| Untracked 
|  28|0x0000000081c00000, 0x0000000081c00000, 0x0000000081d00000|  0%| F|  |TAMS 0x0000000081c00000| PB 0x0000000081c00000| Untracked 
|  29|0x0000000081d00000, 0x0000000081d00000, 0x0000000081e00000|  0%| F|  |TAMS 0x0000000081d00000| PB 0x0000000081d00000| Untracked 
|  30|0x0000000081e00000, 0x0000000081e00000, 0x0000000081f00000|  0%| F|  |TAMS 0x0000000081e00000| PB 0x0000000081e00000| Untracked 
|  31|0x0000000081f00000, 0x0000000081f00000, 0x0000000082000000|  0%| F|  |TAMS 0x0000000081f00000| PB 0x0000000081f00000| Untracked 
|  32|0x0000000082000000, 0x0000000082000000, 0x0000000082100000|  0%| F|  |TAMS 0x0000000082000000| PB 0x0000000082000000| Untracked 
|  33|0x0000000082100000, 0x0000000082100000, 0x0000000082200000|  0%| F|  |TAMS 0x0000000082100000| PB 0x0000000082100000| Untracked 
|  34|0x0000000082200000, 0x0000000082200000, 0x0000000082300000|  0%| F|  |TAMS 0x0000000082200000| PB 0x0000000082200000| Untracked 
|  35|0x0000000082300000, 0x0000000082300000, 0x0000000082400000|  0%| F|  |TAMS 0x0000000082300000| PB 0x0000000082300000| Untracked 
|  36|0x0000000082400000, 0x0000000082400000, 0x0000000082500000|  0%| F|  |TAMS 0x0000000082400000| PB 0x0000000082400000| Untracked 
|  37|0x0000000082500000, 0x0000000082500000, 0x0000000082600000|  0%| F|  |TAMS 0x0000000082500000| PB 0x0000000082500000| Untracked 
|  38|0x0000000082600000, 0x0000000082600000, 0x0000000082700000|  0%| F|  |TAMS 0x0000000082600000| PB 0x0000000082600000| Untracked 
|  39|0x0000000082700000, 0x0000000082700000, 0x0000000082800000|  0%| F|  |TAMS 0x0000000082700000| PB 0x0000000082700000| Untracked 
|  40|0x0000000082800000, 0x0000000082800000, 0x0000000082900000|  0%| F|  |TAMS 0x0000000082800000| PB 0x0000000082800000| Untracked 
|  41|0x0000000082900000, 0x0000000082900000, 0x0000000082a00000|  0%| F|  |TAMS 0x0000000082900000| PB 0x0000000082900000| Untracked 
|  42|0x0000000082a00000, 0x0000000082a00000, 0x0000000082b00000|  0%| F|  |TAMS 0x0000000082a00000| PB 0x0000000082a00000| Untracked 
|  43|0x0000000082b00000, 0x0000000082b00000, 0x0000000082c00000|  0%| F|  |TAMS 0x0000000082b00000| PB 0x0000000082b00000| Untracked 
|  44|0x0000000082c00000, 0x0000000082c00000, 0x0000000082d00000|  0%| F|  |TAMS 0x0000000082c00000| PB 0x0000000082c00000| Untracked 
|  45|0x0000000082d00000, 0x0000000082d00000, 0x0000000082e00000|  0%| F|  |TAMS 0x0000000082d00000| PB 0x0000000082d00000| Untracked 
|  46|0x0000000082e00000, 0x0000000082e00000, 0x0000000082f00000|  0%| F|  |TAMS 0x0000000082e00000| PB 0x0000000082e00000| Untracked 
|  47|0x0000000082f00000, 0x0000000082f00000, 0x0000000083000000|  0%| F|  |TAMS 0x0000000082f00000| PB 0x0000000082f00000| Untracked 
|  48|0x0000000083000000, 0x0000000083080e40, 0x0000000083100000| 50%| S|CS|TAMS 0x0000000083000000| PB 0x0000000083000000| Complete 
|  49|0x0000000083100000, 0x0000000083200000, 0x0000000083200000|100%| S|CS|TAMS 0x0000000083100000| PB 0x0000000083100000| Complete 
|  50|0x0000000083200000, 0x0000000083300000, 0x0000000083300000|100%| S|CS|TAMS 0x0000000083200000| PB 0x0000000083200000| Complete 
|  51|0x0000000083300000, 0x0000000083400000, 0x0000000083400000|100%| S|CS|TAMS 0x0000000083300000| PB 0x0000000083300000| Complete 
|  52|0x0000000083400000, 0x0000000083400000, 0x0000000083500000|  0%| F|  |TAMS 0x0000000083400000| PB 0x0000000083400000| Untracked 
|  53|0x0000000083500000, 0x0000000083500000, 0x0000000083600000|  0%| F|  |TAMS 0x0000000083500000| PB 0x0000000083500000| Untracked 
|  54|0x0000000083600000, 0x0000000083600000, 0x0000000083700000|  0%| F|  |TAMS 0x0000000083600000| PB 0x0000000083600000| Untracked 
|  55|0x0000000083700000, 0x0000000083700000, 0x0000000083800000|  0%| F|  |TAMS 0x0000000083700000| PB 0x0000000083700000| Untracked 
|  56|0x0000000083800000, 0x0000000083800000, 0x0000000083900000|  0%| F|  |TAMS 0x0000000083800000| PB 0x0000000083800000| Untracked 
|  57|0x0000000083900000, 0x0000000083900000, 0x0000000083a00000|  0%| F|  |TAMS 0x0000000083900000| PB 0x0000000083900000| Untracked 
|  58|0x0000000083a00000, 0x0000000083a00000, 0x0000000083b00000|  0%| F|  |TAMS 0x0000000083a00000| PB 0x0000000083a00000| Untracked 
|  59|0x0000000083b00000, 0x0000000083b00000, 0x0000000083c00000|  0%| F|  |TAMS 0x0000000083b00000| PB 0x0000000083b00000| Untracked 
|  60|0x0000000083c00000, 0x0000000083c00000, 0x0000000083d00000|  0%| F|  |TAMS 0x0000000083c00000| PB 0x0000000083c00000| Untracked 
|  61|0x0000000083d00000, 0x0000000083d00000, 0x0000000083e00000|  0%| F|  |TAMS 0x0000000083d00000| PB 0x0000000083d00000| Untracked 
|  62|0x0000000083e00000, 0x0000000083e00000, 0x0000000083f00000|  0%| F|  |TAMS 0x0000000083e00000| PB 0x0000000083e00000| Untracked 
|  63|0x0000000083f00000, 0x0000000083f00000, 0x0000000084000000|  0%| F|  |TAMS 0x0000000083f00000| PB 0x0000000083f00000| Untracked 
|  64|0x0000000084000000, 0x0000000084000000, 0x0000000084100000|  0%| F|  |TAMS 0x0000000084000000| PB 0x0000000084000000| Untracked 
|  65|0x0000000084100000, 0x0000000084100000, 0x0000000084200000|  0%| F|  |TAMS 0x0000000084100000| PB 0x0000000084100000| Untracked 
|  66|0x0000000084200000, 0x0000000084200000, 0x0000000084300000|  0%| F|  |TAMS 0x0000000084200000| PB 0x0000000084200000| Untracked 
|  67|0x0000000084300000, 0x0000000084300000, 0x0000000084400000|  0%| F|  |TAMS 0x0000000084300000| PB 0x0000000084300000| Untracked 
|  68|0x0000000084400000, 0x0000000084400000, 0x0000000084500000|  0%| F|  |TAMS 0x0000000084400000| PB 0x0000000084400000| Untracked 
|  69|0x0000000084500000, 0x0000000084500000, 0x0000000084600000|  0%| F|  |TAMS 0x0000000084500000| PB 0x0000000084500000| Untracked 
|  70|0x0000000084600000, 0x0000000084600000, 0x0000000084700000|  0%| F|  |TAMS 0x0000000084600000| PB 0x0000000084600000| Untracked 
|  71|0x0000000084700000, 0x00000000847a92e8, 0x0000000084800000| 66%| E|  |TAMS 0x0000000084700000| PB 0x0000000084700000| Complete 
|  72|0x0000000084800000, 0x0000000084900000, 0x0000000084900000|100%| E|CS|TAMS 0x0000000084800000| PB 0x0000000084800000| Complete 
|  73|0x0000000084900000, 0x0000000084a00000, 0x0000000084a00000|100%| E|CS|TAMS 0x0000000084900000| PB 0x0000000084900000| Complete 
|  74|0x0000000084a00000, 0x0000000084b00000, 0x0000000084b00000|100%| E|CS|TAMS 0x0000000084a00000| PB 0x0000000084a00000| Complete 
|  75|0x0000000084b00000, 0x0000000084c00000, 0x0000000084c00000|100%| E|CS|TAMS 0x0000000084b00000| PB 0x0000000084b00000| Complete 
|  76|0x0000000084c00000, 0x0000000084d00000, 0x0000000084d00000|100%| E|CS|TAMS 0x0000000084c00000| PB 0x0000000084c00000| Complete 
|  77|0x0000000084d00000, 0x0000000084e00000, 0x0000000084e00000|100%| E|CS|TAMS 0x0000000084d00000| PB 0x0000000084d00000| Complete 
|  78|0x0000000084e00000, 0x0000000084f00000, 0x0000000084f00000|100%| E|CS|TAMS 0x0000000084e00000| PB 0x0000000084e00000| Complete 
|  79|0x0000000084f00000, 0x0000000085000000, 0x0000000085000000|100%| E|CS|TAMS 0x0000000084f00000| PB 0x0000000084f00000| Complete 
|  80|0x0000000085000000, 0x0000000085100000, 0x0000000085100000|100%| E|CS|TAMS 0x0000000085000000| PB 0x0000000085000000| Complete 
|  81|0x0000000085100000, 0x0000000085200000, 0x0000000085200000|100%| E|CS|TAMS 0x0000000085100000| PB 0x0000000085100000| Complete 
|  82|0x0000000085200000, 0x0000000085300000, 0x0000000085300000|100%| E|CS|TAMS 0x0000000085200000| PB 0x0000000085200000| Complete 
|  83|0x0000000085300000, 0x0000000085400000, 0x0000000085400000|100%| E|CS|TAMS 0x0000000085300000| PB 0x0000000085300000| Complete 
|  84|0x0000000085400000, 0x0000000085500000, 0x0000000085500000|100%| E|CS|TAMS 0x0000000085400000| PB 0x0000000085400000| Complete 
|  85|0x0000000085500000, 0x0000000085600000, 0x0000000085600000|100%| E|CS|TAMS 0x0000000085500000| PB 0x0000000085500000| Complete 
|  86|0x0000000085600000, 0x0000000085700000, 0x0000000085700000|100%| E|CS|TAMS 0x0000000085600000| PB 0x0000000085600000| Complete 
|  87|0x0000000085700000, 0x0000000085800000, 0x0000000085800000|100%| E|CS|TAMS 0x0000000085700000| PB 0x0000000085700000| Complete 
|  88|0x0000000085800000, 0x0000000085900000, 0x0000000085900000|100%| E|CS|TAMS 0x0000000085800000| PB 0x0000000085800000| Complete 
|  89|0x0000000085900000, 0x0000000085a00000, 0x0000000085a00000|100%| E|CS|TAMS 0x0000000085900000| PB 0x0000000085900000| Complete 
|  90|0x0000000085a00000, 0x0000000085b00000, 0x0000000085b00000|100%| E|CS|TAMS 0x0000000085a00000| PB 0x0000000085a00000| Complete 
|  91|0x0000000085b00000, 0x0000000085c00000, 0x0000000085c00000|100%| E|CS|TAMS 0x0000000085b00000| PB 0x0000000085b00000| Complete 
|  92|0x0000000085c00000, 0x0000000085d00000, 0x0000000085d00000|100%| E|CS|TAMS 0x0000000085c00000| PB 0x0000000085c00000| Complete 
|  93|0x0000000085d00000, 0x0000000085e00000, 0x0000000085e00000|100%| E|CS|TAMS 0x0000000085d00000| PB 0x0000000085d00000| Complete 
|  94|0x0000000085e00000, 0x0000000085f00000, 0x0000000085f00000|100%| E|CS|TAMS 0x0000000085e00000| PB 0x0000000085e00000| Complete 
|  95|0x0000000085f00000, 0x0000000086000000, 0x0000000086000000|100%| E|CS|TAMS 0x0000000085f00000| PB 0x0000000085f00000| Complete 
|  96|0x0000000086000000, 0x0000000086100000, 0x0000000086100000|100%| E|CS|TAMS 0x0000000086000000| PB 0x0000000086000000| Complete 
|  97|0x0000000086100000, 0x0000000086200000, 0x0000000086200000|100%| E|CS|TAMS 0x0000000086100000| PB 0x0000000086100000| Complete 
|  98|0x0000000086200000, 0x0000000086300000, 0x0000000086300000|100%| E|CS|TAMS 0x0000000086200000| PB 0x0000000086200000| Complete 
|  99|0x0000000086300000, 0x0000000086400000, 0x0000000086400000|100%| E|CS|TAMS 0x0000000086300000| PB 0x0000000086300000| Complete 
| 100|0x0000000086400000, 0x0000000086500000, 0x0000000086500000|100%| E|CS|TAMS 0x0000000086400000| PB 0x0000000086400000| Complete 
| 101|0x0000000086500000, 0x0000000086600000, 0x0000000086600000|100%| E|CS|TAMS 0x0000000086500000| PB 0x0000000086500000| Complete 
| 102|0x0000000086600000, 0x0000000086700000, 0x0000000086700000|100%| E|CS|TAMS 0x0000000086600000| PB 0x0000000086600000| Complete 
| 103|0x0000000086700000, 0x0000000086800000, 0x0000000086800000|100%| E|CS|TAMS 0x0000000086700000| PB 0x0000000086700000| Complete 
| 104|0x0000000086800000, 0x0000000086900000, 0x0000000086900000|100%| E|CS|TAMS 0x0000000086800000| PB 0x0000000086800000| Complete 
| 105|0x0000000086900000, 0x0000000086a00000, 0x0000000086a00000|100%| E|CS|TAMS 0x0000000086900000| PB 0x0000000086900000| Complete 
| 106|0x0000000086a00000, 0x0000000086b00000, 0x0000000086b00000|100%| E|CS|TAMS 0x0000000086a00000| PB 0x0000000086a00000| Complete 
| 107|0x0000000086b00000, 0x0000000086c00000, 0x0000000086c00000|100%| E|CS|TAMS 0x0000000086b00000| PB 0x0000000086b00000| Complete 
| 108|0x0000000086c00000, 0x0000000086d00000, 0x0000000086d00000|100%| E|CS|TAMS 0x0000000086c00000| PB 0x0000000086c00000| Complete 
| 109|0x0000000086d00000, 0x0000000086e00000, 0x0000000086e00000|100%| E|CS|TAMS 0x0000000086d00000| PB 0x0000000086d00000| Complete 
| 110|0x0000000086e00000, 0x0000000086f00000, 0x0000000086f00000|100%| E|CS|TAMS 0x0000000086e00000| PB 0x0000000086e00000| Complete 
| 111|0x0000000086f00000, 0x0000000087000000, 0x0000000087000000|100%| E|CS|TAMS 0x0000000086f00000| PB 0x0000000086f00000| Complete 
| 112|0x0000000087000000, 0x0000000087100000, 0x0000000087100000|100%| E|CS|TAMS 0x0000000087000000| PB 0x0000000087000000| Complete 
| 113|0x0000000087100000, 0x0000000087200000, 0x0000000087200000|100%| E|  |TAMS 0x0000000087100000| PB 0x0000000087100000| Complete 
| 114|0x0000000087200000, 0x0000000087300000, 0x0000000087300000|100%| E|CS|TAMS 0x0000000087200000| PB 0x0000000087200000| Complete 
| 115|0x0000000087300000, 0x0000000087400000, 0x0000000087400000|100%| E|CS|TAMS 0x0000000087300000| PB 0x0000000087300000| Complete 
| 116|0x0000000087400000, 0x0000000087500000, 0x0000000087500000|100%| E|CS|TAMS 0x0000000087400000| PB 0x0000000087400000| Complete 
| 117|0x0000000087500000, 0x0000000087600000, 0x0000000087600000|100%| E|CS|TAMS 0x0000000087500000| PB 0x0000000087500000| Complete 
| 118|0x0000000087600000, 0x0000000087700000, 0x0000000087700000|100%| E|CS|TAMS 0x0000000087600000| PB 0x0000000087600000| Complete 
| 119|0x0000000087700000, 0x0000000087800000, 0x0000000087800000|100%| E|CS|TAMS 0x0000000087700000| PB 0x0000000087700000| Complete 
| 120|0x0000000087800000, 0x0000000087900000, 0x0000000087900000|100%| E|CS|TAMS 0x0000000087800000| PB 0x0000000087800000| Complete 
| 121|0x0000000087900000, 0x0000000087a00000, 0x0000000087a00000|100%| E|CS|TAMS 0x0000000087900000| PB 0x0000000087900000| Complete 
| 122|0x0000000087a00000, 0x0000000087b00000, 0x0000000087b00000|100%| E|CS|TAMS 0x0000000087a00000| PB 0x0000000087a00000| Complete 
| 123|0x0000000087b00000, 0x0000000087c00000, 0x0000000087c00000|100%| E|CS|TAMS 0x0000000087b00000| PB 0x0000000087b00000| Complete 
| 124|0x0000000087c00000, 0x0000000087d00000, 0x0000000087d00000|100%| E|CS|TAMS 0x0000000087c00000| PB 0x0000000087c00000| Complete 
| 125|0x0000000087d00000, 0x0000000087e00000, 0x0000000087e00000|100%| E|CS|TAMS 0x0000000087d00000| PB 0x0000000087d00000| Complete 
| 126|0x0000000087e00000, 0x0000000087f00000, 0x0000000087f00000|100%| E|CS|TAMS 0x0000000087e00000| PB 0x0000000087e00000| Complete 
| 127|0x0000000087f00000, 0x0000000088000000, 0x0000000088000000|100%| E|CS|TAMS 0x0000000087f00000| PB 0x0000000087f00000| Complete 

Card table byte_map: [0x000002c89f5f0000,0x000002c89f9f0000] _byte_map_base: 0x000002c89f1f0000

Marking Bits: (CMBitMap*) 0x000002c88bee4fe0
 Bits: [0x000002c89f9f0000, 0x000002c8a19f0000)

Polling page: 0x000002c889c70000

Metaspace:

Usage:
  Non-class:     12.22 MB used.
      Class:      1.52 MB used.
       Both:     13.75 MB used.

Virtual space:
  Non-class space:       64.00 MB reserved,      12.50 MB ( 20%) committed,  1 nodes.
      Class space:        1.00 GB reserved,       1.75 MB ( <1%) committed,  1 nodes.
             Both:        1.06 GB reserved,      14.25 MB (  1%) committed. 

Chunk freelists:
   Non-Class:  2.61 MB
       Class:  14.23 MB
        Both:  16.83 MB

MaxMetaspaceSize: unlimited
CompressedClassSpaceSize: 1.00 GB
Initial GC threshold: 21.00 MB
Current GC threshold: 21.00 MB
CDS: on
 - commit_granule_bytes: 65536.
 - commit_granule_words: 8192.
 - virtual_space_node_default_size: 8388608.
 - enlarge_chunks_in_place: 1.
 - use_allocation_guard: 0.


Internal statistics:

num_allocs_failed_limit: 0.
num_arena_births: 658.
num_arena_deaths: 0.
num_vsnodes_births: 2.
num_vsnodes_deaths: 0.
num_space_committed: 228.
num_space_uncommitted: 0.
num_chunks_returned_to_freelist: 0.
num_chunks_taken_from_freelist: 1231.
num_chunk_merges: 0.
num_chunk_splits: 693.
num_chunks_enlarged: 249.
num_inconsistent_stats: 0.

CodeHeap 'non-profiled nmethods': size=120000Kb used=2748Kb max_used=2748Kb free=117251Kb
 bounds [0x000002c897990000, 0x000002c897c40000, 0x000002c89eec0000]
CodeHeap 'profiled nmethods': size=120000Kb used=7153Kb max_used=7153Kb free=112846Kb
 bounds [0x000002c88fec0000, 0x000002c8905c0000, 0x000002c8973f0000]
CodeHeap 'non-nmethods': size=5760Kb used=1440Kb max_used=1532Kb free=4319Kb
 bounds [0x000002c8973f0000, 0x000002c897660000, 0x000002c897990000]
 total_blobs=4045 nmethods=3517 adapters=432
 compilation: enabled
              stopped_count=0, restarted_count=0
 full_count=0

Compilation events (20 events):
Event: 1823.016 Thread 0x000002c8a44357b0 3507       3       java.lang.ref.ReferenceQueue::remove0 (64 bytes)
Event: 1823.017 Thread 0x000002c8a44357b0 nmethod 3507 0x000002c8905b0f90 code [0x000002c8905b11a0, 0x000002c8905b1620]
Event: 2245.994 Thread 0x000002c8a44357b0 3508       3       sun.rmi.registry.RegistryImpl_Skel::getOperations (10 bytes)
Event: 2245.996 Thread 0x000002c8a44357b0 nmethod 3508 0x000002c8905b1790 code [0x000002c8905b1940, 0x000002c8905b1c08]
Event: 2245.996 Thread 0x000002c8a44357b0 3509   !   3       sun.rmi.registry.RegistryImpl_Skel::dispatch (620 bytes)
Event: 2246.018 Thread 0x000002c8a44357b0 nmethod 3509 0x000002c8905b1d10 code [0x000002c8905b2700, 0x000002c8905b6d88]
Event: 2246.018 Thread 0x000002c8a44357b0 3510   !   3       sun.rmi.registry.RegistryImpl::lookup (43 bytes)
Event: 2246.019 Thread 0x000002c8a44357b0 nmethod 3510 0x000002c8905b9b90 code [0x000002c8905b9d80, 0x000002c8905ba280]
Event: 2309.036 Thread 0x000002c8a44357b0 3511       3       com.intellij.execution.rmi.IdeaWatchdogImpl::ping (12 bytes)
Event: 2309.036 Thread 0x000002c8a44357b0 nmethod 3511 0x000002c8905ba510 code [0x000002c8905ba6c0, 0x000002c8905ba840]
Event: 2669.336 Thread 0x000002c8a4431350 3513       4       java.io.DataOutputStream::<init> (19 bytes)
Event: 2669.351 Thread 0x000002c8a4431350 nmethod 3513 0x000002c897c3e790 code [0x000002c897c3e940, 0x000002c897c3edd0]
Event: 2723.095 Thread 0x000002c8a44357b0 3514   !   3       jdk.internal.ref.PhantomCleanable::isListEmpty (34 bytes)
Event: 2723.097 Thread 0x000002c8a44357b0 nmethod 3514 0x000002c8905ba910 code [0x000002c8905baac0, 0x000002c8905bad18]
Event: 2723.097 Thread 0x000002c8a44357b0 3515       3       jdk.internal.misc.InnocuousThread::eraseThreadLocals (23 bytes)
Event: 2723.100 Thread 0x000002c8a44357b0 nmethod 3515 0x000002c8905bae10 code [0x000002c8905bafc0, 0x000002c8905bb1a8]
Event: 3002.012 Thread 0x000002c8a4431350 3516       4       java.util.HashMap::values (25 bytes)
Event: 3002.019 Thread 0x000002c8a4431350 nmethod 3516 0x000002c897c3ef10 code [0x000002c897c3f0a0, 0x000002c897c3f290]
Event: 3452.739 Thread 0x000002c8a44357b0 3517       3       java.lang.invoke.LambdaForm$MH/0x000002c8a61c4000::invoke (60 bytes)
Event: 3452.755 Thread 0x000002c8a44357b0 nmethod 3517 0x000002c8905bb210 code [0x000002c8905bb4a0, 0x000002c8905bc0d8]

GC Heap History (7 events):
Event: 2.122 GC heap before
{Heap before GC invocations=0 (full 0):
 garbage-first heap   total 131072K, used 27648K [0x0000000080000000, 0x0000000100000000)
  region size 1024K, 23 young (23552K), 0 survivors (0K)
 Metaspace       used 7800K, committed 8192K, reserved 1114112K
  class space    used 988K, committed 1152K, reserved 1048576K
}
Event: 2.138 GC heap after
{Heap after GC invocations=1 (full 0):
 garbage-first heap   total 131072K, used 9280K [0x0000000080000000, 0x0000000100000000)
  region size 1024K, 3 young (3072K), 3 survivors (3072K)
 Metaspace       used 7800K, committed 8192K, reserved 1114112K
  class space    used 988K, committed 1152K, reserved 1048576K
}
Event: 7.260 GC heap before
{Heap before GC invocations=1 (full 0):
 garbage-first heap   total 131072K, used 35904K [0x0000000080000000, 0x0000000100000000)
  region size 1024K, 30 young (30720K), 3 survivors (3072K)
 Metaspace       used 13226K, committed 13760K, reserved 1114112K
  class space    used 1520K, committed 1728K, reserved 1048576K
}
Event: 7.283 GC heap after
{Heap after GC invocations=2 (full 0):
 garbage-first heap   total 131072K, used 12126K [0x0000000080000000, 0x0000000100000000)
  region size 1024K, 3 young (3072K), 3 survivors (3072K)
 Metaspace       used 13226K, committed 13760K, reserved 1114112K
  class space    used 1520K, committed 1728K, reserved 1048576K
}
Event: 682.839 GC heap before
{Heap before GC invocations=2 (full 0):
 garbage-first heap   total 131072K, used 86878K [0x0000000080000000, 0x0000000100000000)
  region size 1024K, 76 young (77824K), 3 survivors (3072K)
 Metaspace       used 13732K, committed 14272K, reserved 1114112K
  class space    used 1536K, committed 1792K, reserved 1048576K
}
Event: 682.856 GC heap after
{Heap after GC invocations=3 (full 0):
 garbage-first heap   total 131072K, used 12901K [0x0000000080000000, 0x0000000100000000)
  region size 1024K, 4 young (4096K), 4 survivors (4096K)
 Metaspace       used 13732K, committed 14272K, reserved 1114112K
  class space    used 1536K, committed 1792K, reserved 1048576K
}
Event: 3600.050 GC heap before
{Heap before GC invocations=3 (full 0):
 garbage-first heap   total 131072K, used 69221K [0x0000000080000000, 0x0000000100000000)
  region size 1024K, 61 young (62464K), 4 survivors (4096K)
 Metaspace       used 14078K, committed 14592K, reserved 1114112K
  class space    used 1559K, committed 1792K, reserved 1048576K
}

Dll operation events (2 events):
Event: 0.026 Loaded shared library C:\Users\awoni\AppData\Local\Programs\IntelliJ IDEA Ultimate 2025.1\jbr\bin\java.dll
Event: 0.124 Loaded shared library C:\Users\awoni\AppData\Local\Programs\IntelliJ IDEA Ultimate 2025.1\jbr\bin\zip.dll

Deoptimization events (20 events):
Event: 1430.916 Thread 0x000002c8ea4239c0 Uncommon trap: trap_request=0xffffff45 fr.pc=0x000002c897b5d648 relative=0x0000000000001d48
Event: 1430.916 Thread 0x000002c8ea4239c0 Uncommon trap: reason=unstable_if action=reinterpret pc=0x000002c897b5d648 method=java.io.ObjectStreamClass$FieldReflector.getPrimFieldValues(Ljava/lang/Object;[B)V @ 44 c2
Event: 1430.916 Thread 0x000002c8ea4239c0 DEOPT PACKING pc=0x000002c897b5d648 sp=0x000000ed05cfe4e0
Event: 1430.916 Thread 0x000002c8ea4239c0 DEOPT UNPACKING pc=0x000002c8974446a2 sp=0x000000ed05cfe3a8 mode 2
Event: 1431.057 Thread 0x000002c8ea4239c0 Uncommon trap: trap_request=0xffffffde fr.pc=0x000002c897c2ce5c relative=0x000000000000013c
Event: 1431.057 Thread 0x000002c8ea4239c0 Uncommon trap: reason=class_check action=maybe_recompile pc=0x000002c897c2ce5c method=jdk.internal.misc.Unsafe.allocateUninitializedArray(Ljava/lang/Class;I)Ljava/lang/Object; @ 51 c2
Event: 1431.057 Thread 0x000002c8ea4239c0 DEOPT PACKING pc=0x000002c897c2ce5c sp=0x000000ed05cfd050
Event: 1431.057 Thread 0x000002c8ea4239c0 DEOPT UNPACKING pc=0x000002c8974446a2 sp=0x000000ed05cfcfc8 mode 2
Event: 1431.058 Thread 0x000002c8ea4239c0 Uncommon trap: trap_request=0xffffffde fr.pc=0x000002c897c2ce5c relative=0x000000000000013c
Event: 1431.058 Thread 0x000002c8ea4239c0 Uncommon trap: reason=class_check action=maybe_recompile pc=0x000002c897c2ce5c method=jdk.internal.misc.Unsafe.allocateUninitializedArray(Ljava/lang/Class;I)Ljava/lang/Object; @ 51 c2
Event: 1431.058 Thread 0x000002c8ea4239c0 DEOPT PACKING pc=0x000002c897c2ce5c sp=0x000000ed05cfcf40
Event: 1431.058 Thread 0x000002c8ea4239c0 DEOPT UNPACKING pc=0x000002c8974446a2 sp=0x000000ed05cfceb8 mode 2
Event: 1431.058 Thread 0x000002c8ea4239c0 Uncommon trap: trap_request=0xffffffde fr.pc=0x000002c897c2ce5c relative=0x000000000000013c
Event: 1431.058 Thread 0x000002c8ea4239c0 Uncommon trap: reason=class_check action=maybe_recompile pc=0x000002c897c2ce5c method=jdk.internal.misc.Unsafe.allocateUninitializedArray(Ljava/lang/Class;I)Ljava/lang/Object; @ 51 c2
Event: 1431.058 Thread 0x000002c8ea4239c0 DEOPT PACKING pc=0x000002c897c2ce5c sp=0x000000ed05cfdde0
Event: 1431.058 Thread 0x000002c8ea4239c0 DEOPT UNPACKING pc=0x000002c8974446a2 sp=0x000000ed05cfdd58 mode 2
Event: 1431.083 Thread 0x000002c8ea4239c0 Uncommon trap: trap_request=0xffffffde fr.pc=0x000002c897c2ce5c relative=0x000000000000013c
Event: 1431.083 Thread 0x000002c8ea4239c0 Uncommon trap: reason=class_check action=maybe_recompile pc=0x000002c897c2ce5c method=jdk.internal.misc.Unsafe.allocateUninitializedArray(Ljava/lang/Class;I)Ljava/lang/Object; @ 51 c2
Event: 1431.083 Thread 0x000002c8ea4239c0 DEOPT PACKING pc=0x000002c897c2ce5c sp=0x000000ed05cfd050
Event: 1431.083 Thread 0x000002c8ea4239c0 DEOPT UNPACKING pc=0x000002c8974446a2 sp=0x000000ed05cfcfc8 mode 2

Classes loaded (20 events):
Event: 1430.862 Loading class java/util/ResourceBundle$CacheKey
Event: 1430.864 Loading class java/util/ResourceBundle$CacheKey done
Event: 1430.864 Loading class java/util/ResourceBundle$KeyElementReference
Event: 1430.864 Loading class java/util/ResourceBundle$CacheKeyReference
Event: 1430.865 Loading class java/util/ResourceBundle$CacheKeyReference done
Event: 1430.865 Loading class java/util/ResourceBundle$KeyElementReference done
Event: 1430.867 Loading class java/util/ResourceBundle$Control$2
Event: 1430.867 Loading class java/util/ResourceBundle$Control$2 done
Event: 1430.869 Loading class java/net/URLClassLoader$2
Event: 1430.869 Loading class java/net/URLClassLoader$2 done
Event: 1430.870 Loading class java/util/ResourceBundle$BundleReference
Event: 1430.870 Loading class java/util/ResourceBundle$BundleReference done
Event: 1430.873 Loading class java/text/MessageFormat
Event: 1430.878 Loading class java/text/MessageFormat done
Event: 1430.894 Loading class java/lang/StackTraceElement$HashedModules
Event: 1430.894 Loading class java/lang/StackTraceElement$HashedModules done
Event: 1430.894 Loading class java/lang/invoke/WrongMethodTypeException
Event: 1430.895 Loading class java/lang/invoke/WrongMethodTypeException done
Event: 1430.908 Loading class java/lang/Throwable$PrintStreamOrWriter
Event: 1430.908 Loading class java/lang/Throwable$PrintStreamOrWriter done

Classes unloaded (0 events):
No events

Classes redefined (0 events):
No events

Internal exceptions (20 events):
Event: 3.157 Thread 0x000002c8ea28cd70 Exception <a 'java/lang/NoSuchMethodError'{0x0000000087107230}: static [Ljava/lang/Object;.<clinit>()V> (0x0000000087107230) 
thrown [s\src\hotspot\share\prims\jni.cpp, line 1139]
Event: 3.166 Thread 0x000002c8ea28cd70 Exception <a 'java/lang/NoSuchMethodError'{0x0000000087113218}: 'void java.lang.invoke.DirectMethodHandle$Holder.invokeInterface(java.lang.Object, java.lang.Object)'> (0x0000000087113218) 
thrown [s\src\hotspot\share\interpreter\linkResolver.cpp, line 784]
Event: 3.245 Thread 0x000002c8ea28cd70 Exception <a 'java/lang/NoSuchMethodError'{0x00000000870082c0}: static Lcom/intellij/database/remote/jdba/core/ConnectionInfo;.<clinit>()V> (0x00000000870082c0) 
thrown [s\src\hotspot\share\prims\jni.cpp, line 1139]
Event: 3.247 Thread 0x000002c8ea28cd70 Exception <a 'java/lang/NoSuchMethodError'{0x0000000087012de8}: static Ljava/lang/Object;.<clinit>()V> (0x0000000087012de8) 
thrown [s\src\hotspot\share\prims\jni.cpp, line 1139]
Event: 3.247 Thread 0x000002c8ea28cd70 Exception <a 'java/lang/NoSuchMethodError'{0x00000000870173c8}: static [I.<clinit>()V> (0x00000000870173c8) 
thrown [s\src\hotspot\share\prims\jni.cpp, line 1139]
Event: 3.284 Thread 0x000002c8ea28cd70 Exception <a 'java/lang/NoSuchMethodError'{0x000000008703bba0}: 'java.lang.Object java.lang.invoke.DirectMethodHandle$Holder.invokeInterface(java.lang.Object, java.lang.Object, java.lang.Object, java.lang.Object)'> (0x000000008703bba0) 
thrown [s\src\hotspot\share\interpreter\linkResolver.cpp, line 784]
Event: 3.398 Thread 0x000002c8ea28cd70 Exception <a 'java/lang/NoSuchMethodError'{0x0000000086f40450}: static Lcom/intellij/database/remote/jdba/core/ResultLayout;.<clinit>()V> (0x0000000086f40450) 
thrown [s\src\hotspot\share\prims\jni.cpp, line 1139]
Event: 3.401 Thread 0x000002c8ea28cd70 Exception <a 'java/lang/NoSuchMethodError'{0x0000000086f4d618}: static Lcom/intellij/database/remote/jdba/core/RowLayout;.<clinit>()V> (0x0000000086f4d618) 
thrown [s\src\hotspot\share\prims\jni.cpp, line 1139]
Event: 3.406 Thread 0x000002c8ea28cd70 Exception <a 'java/lang/NoSuchMethodError'{0x0000000086f5b6d0}: static Lcom/intellij/database/remote/jdba/util/NameAndClass;.<clinit>()V> (0x0000000086f5b6d0) 
thrown [s\src\hotspot\share\prims\jni.cpp, line 1139]
Event: 3.407 Thread 0x000002c8ea28cd70 Exception <a 'java/lang/NoSuchMethodError'{0x0000000086f5e420}: 'java.lang.Object java.lang.invoke.DirectMethodHandle$Holder.invokeInterface(java.lang.Object, java.lang.Object, int, java.lang.Object)'> (0x0000000086f5e420) 
thrown [s\src\hotspot\share\interpreter\linkResolver.cpp, line 784]
Event: 3.408 Thread 0x000002c8ea28cd70 Exception <a 'java/lang/NoSuchMethodError'{0x0000000086f625c0}: 'java.lang.Object java.lang.invoke.DirectMethodHandle$Holder.invokeSpecial(java.lang.Object, java.lang.Object, java.lang.Object, int, java.lang.Object)'> (0x0000000086f625c0) 
thrown [s\src\hotspot\share\interpreter\linkResolver.cpp, line 784]
Event: 5.208 Thread 0x000002c8ea28cd70 Exception <a 'java/lang/NoSuchMethodError'{0x0000000086cced70}: static [Ljava/lang/String;.<clinit>()V> (0x0000000086cced70) 
thrown [s\src\hotspot\share\prims\jni.cpp, line 1139]
Event: 8.177 Thread 0x000002c8ea28cd70 Exception <a 'java/lang/NoSuchMethodError'{0x0000000087bf9c78}: static [J.<clinit>()V> (0x0000000087bf9c78) 
thrown [s\src\hotspot\share\prims\jni.cpp, line 1139]
Event: 301.901 Thread 0x000002c8ea424d70 Implicit null exception at 0x000002c897a9ea22 to 0x000002c897a9ed5c
Event: 301.901 Thread 0x000002c8ea424d70 Implicit null exception at 0x000002c897a83e80 to 0x000002c897a83f40
Event: 411.489 Thread 0x000002c8ea423330 Implicit null exception at 0x000002c897a8558a to 0x000002c897a85634
Event: 677.030 Thread 0x000002c8ea423330 Implicit null exception at 0x000002c897a1e448 to 0x000002c897a1ee8c
Event: 677.163 Thread 0x000002c8ea423330 Implicit null exception at 0x000002c897b4f166 to 0x000002c897b53ac0
Event: 1430.893 Thread 0x000002c8ea4239c0 Implicit null exception at 0x000002c897be48ae to 0x000002c897be4d90
Event: 1430.914 Thread 0x000002c8ea4239c0 Exception <a 'java/lang/NoSuchMethodError'{0x0000000085f52160}: static [Ljava/lang/StackTraceElement;.<clinit>()V> (0x0000000085f52160) 
thrown [s\src\hotspot\share\prims\jni.cpp, line 1139]

ZGC Phase Switch (0 events):
No events

VM Operations (20 events):
Event: 1142.452 Executing VM operation: RendezvousGCThreads done
Event: 1152.509 Executing VM operation: Cleanup
Event: 1152.509 Executing VM operation: Cleanup done
Event: 1430.229 Executing VM operation: Cleanup
Event: 1430.229 Executing VM operation: Cleanup done
Event: 1430.903 Executing VM operation: HandshakeAllThreads (Deoptimize)
Event: 1430.903 Executing VM operation: HandshakeAllThreads (Deoptimize) done
Event: 1431.940 Executing VM operation: Cleanup
Event: 1431.940 Executing VM operation: Cleanup done
Event: 1432.952 Executing VM operation: Cleanup
Event: 1432.952 Executing VM operation: Cleanup done
Event: 1443.236 Executing VM operation: HandshakeAllThreads (HandshakeForDeflation)
Event: 1443.236 Executing VM operation: HandshakeAllThreads (HandshakeForDeflation) done
Event: 1443.236 Executing VM operation: RendezvousGCThreads
Event: 1443.236 Executing VM operation: RendezvousGCThreads done
Event: 1723.663 Executing VM operation: Cleanup
Event: 1723.663 Executing VM operation: Cleanup done
Event: 1883.700 Executing VM operation: Cleanup
Event: 1883.701 Executing VM operation: Cleanup done
Event: 3600.048 Executing VM operation: G1CollectFull (System.gc())

Memory protections (0 events):
No events

Nmethod flushes (0 events):
No events

Events (20 events):
Event: 752.076 Thread 0x000002c8ea4267b0 Thread exited: 0x000002c8ea4267b0
Event: 752.076 Thread 0x000002c8ea4239c0 Thread exited: 0x000002c8ea4239c0
Event: 768.866 Thread 0x000002c8ea425a90 Thread exited: 0x000002c8ea425a90
Event: 770.698 Thread 0x000002c8ea423330 Thread exited: 0x000002c8ea423330
Event: 1123.652 Thread 0x000002c8ea4246e0 Thread added: 0x000002c8ea423330
Event: 1123.732 Thread 0x000002c8a44357b0 Thread added: 0x000002c8edc955d0
Event: 1123.962 Thread 0x000002c8a490eb00 Thread added: 0x000002c8ea425400
Event: 1125.019 Thread 0x000002c8a4431350 Thread added: 0x000002c8ebd384a0
Event: 1125.240 Thread 0x000002c8ebd384a0 Thread exited: 0x000002c8ebd384a0
Event: 1127.297 Thread 0x000002c8edc955d0 Thread exited: 0x000002c8edc955d0
Event: 1151.892 Thread 0x000002c8ea425400 Thread added: 0x000002c8ea425a90
Event: 1151.893 Thread 0x000002c8ea425a90 Thread exited: 0x000002c8ea425a90
Event: 1153.655 Thread 0x000002c8ea423330 Thread exited: 0x000002c8ea423330
Event: 1206.693 Thread 0x000002c8ea4246e0 Thread exited: 0x000002c8ea4246e0
Event: 1429.872 Thread 0x000002c8ea425400 Thread added: 0x000002c8ea425a90
Event: 1430.185 Thread 0x000002c8a490eb00 Thread added: 0x000002c8ea4239c0
Event: 1459.878 Thread 0x000002c8ea425a90 Thread exited: 0x000002c8ea425a90
Event: 1496.767 Thread 0x000002c8ea4239c0 Thread added: 0x000002c8ea425a90
Event: 1496.767 Thread 0x000002c8ea425a90 Thread exited: 0x000002c8ea425a90
Event: 1522.736 Thread 0x000002c8ea425400 Thread exited: 0x000002c8ea425400


Dynamic libraries:
0x00007ff70d850000 - 0x00007ff70d85a000 	C:\Users\awoni\AppData\Local\Programs\IntelliJ IDEA Ultimate 2025.1\jbr\bin\java.exe
0x00007ffa9c8e0000 - 0x00007ffa9cb40000 	C:\WINDOWS\SYSTEM32\ntdll.dll
0x00007ffa9b2e0000 - 0x00007ffa9b3a7000 	C:\WINDOWS\System32\KERNEL32.DLL
0x00007ffa99e10000 - 0x00007ffa9a1da000 	C:\WINDOWS\System32\KERNELBASE.dll
0x00007ffa99ac0000 - 0x00007ffa99c0b000 	C:\WINDOWS\System32\ucrtbase.dll
0x00007ffa86940000 - 0x00007ffa86958000 	C:\Users\awoni\AppData\Local\Programs\IntelliJ IDEA Ultimate 2025.1\jbr\bin\jli.dll
0x00007ffa87360000 - 0x00007ffa8737b000 	C:\Users\awoni\AppData\Local\Programs\IntelliJ IDEA Ultimate 2025.1\jbr\bin\VCRUNTIME140.dll
0x00007ffa9bfa0000 - 0x00007ffa9c16c000 	C:\WINDOWS\System32\USER32.dll
0x00007ffa81f60000 - 0x00007ffa821f7000 	C:\WINDOWS\WinSxS\amd64_microsoft.windows.common-controls_6595b64144ccf1df_6.0.26100.3624_none_3e086962e3345f24\COMCTL32.dll
0x00007ffa9b6f0000 - 0x00007ffa9b799000 	C:\WINDOWS\System32\msvcrt.dll
0x00007ffa9a4b0000 - 0x00007ffa9a4d7000 	C:\WINDOWS\System32\win32u.dll
0x00007ffa9b3b0000 - 0x00007ffa9b3da000 	C:\WINDOWS\System32\GDI32.dll
0x00007ffa99cd0000 - 0x00007ffa99e01000 	C:\WINDOWS\System32\gdi32full.dll
0x00007ffa9a360000 - 0x00007ffa9a403000 	C:\WINDOWS\System32\msvcp_win.dll
0x00007ffa9b4b0000 - 0x00007ffa9b4df000 	C:\WINDOWS\System32\IMM32.DLL
0x00007ffa8d860000 - 0x00007ffa8d86c000 	C:\Users\awoni\AppData\Local\Programs\IntelliJ IDEA Ultimate 2025.1\jbr\bin\vcruntime140_1.dll
0x00007ffa4b110000 - 0x00007ffa4b19d000 	C:\Users\awoni\AppData\Local\Programs\IntelliJ IDEA Ultimate 2025.1\jbr\bin\msvcp140.dll
0x00007ffa0ae20000 - 0x00007ffa0bbe1000 	C:\Users\awoni\AppData\Local\Programs\IntelliJ IDEA Ultimate 2025.1\jbr\bin\server\jvm.dll
0x00007ffa9b4f0000 - 0x00007ffa9b5a2000 	C:\WINDOWS\System32\ADVAPI32.dll
0x00007ffa9b7a0000 - 0x00007ffa9b846000 	C:\WINDOWS\System32\sechost.dll
0x00007ffa9a6e0000 - 0x00007ffa9a7f6000 	C:\WINDOWS\System32\RPCRT4.dll
0x00007ffa9b170000 - 0x00007ffa9b1e4000 	C:\WINDOWS\System32\WS2_32.dll
0x00007ffa98730000 - 0x00007ffa9878e000 	C:\WINDOWS\SYSTEM32\POWRPROF.dll
0x00007ffa85300000 - 0x00007ffa85336000 	C:\WINDOWS\SYSTEM32\WINMM.dll
0x00007ffa89d10000 - 0x00007ffa89d1b000 	C:\WINDOWS\SYSTEM32\VERSION.dll
0x00007ffa98710000 - 0x00007ffa98724000 	C:\WINDOWS\SYSTEM32\UMPDC.dll
0x00007ffa989f0000 - 0x00007ffa98a0a000 	C:\WINDOWS\SYSTEM32\kernel.appcore.dll
0x00007ffa88f40000 - 0x00007ffa88f4a000 	C:\Users\awoni\AppData\Local\Programs\IntelliJ IDEA Ultimate 2025.1\jbr\bin\jimage.dll
0x00007ffa97070000 - 0x00007ffa972b1000 	C:\WINDOWS\SYSTEM32\DBGHELP.DLL
0x00007ffa9b850000 - 0x00007ffa9bbd2000 	C:\WINDOWS\System32\combase.dll
0x00007ffa9b5b0000 - 0x00007ffa9b686000 	C:\WINDOWS\System32\OLEAUT32.dll
0x00007ffa7dca0000 - 0x00007ffa7dcd9000 	C:\WINDOWS\SYSTEM32\dbgcore.DLL
0x00007ffa9a410000 - 0x00007ffa9a4a9000 	C:\WINDOWS\System32\bcryptPrimitives.dll
0x00007ffa7da70000 - 0x00007ffa7da90000 	C:\Users\awoni\AppData\Local\Programs\IntelliJ IDEA Ultimate 2025.1\jbr\bin\java.dll
0x00007ffa9c170000 - 0x00007ffa9c899000 	C:\WINDOWS\System32\SHELL32.dll
0x00007ffa9a570000 - 0x00007ffa9a6d8000 	C:\WINDOWS\System32\wintypes.dll
0x00007ffa97750000 - 0x00007ffa97fa2000 	C:\WINDOWS\SYSTEM32\windows.storage.dll
0x00007ffa9b1f0000 - 0x00007ffa9b2dd000 	C:\WINDOWS\System32\SHCORE.dll
0x00007ffa9a850000 - 0x00007ffa9a8b4000 	C:\WINDOWS\System32\shlwapi.dll
0x00007ffa999d0000 - 0x00007ffa999ff000 	C:\WINDOWS\SYSTEM32\profapi.dll
0x00007ffa760e0000 - 0x00007ffa760f8000 	C:\Users\awoni\AppData\Local\Programs\IntelliJ IDEA Ultimate 2025.1\jbr\bin\zip.dll
0x00007ffa7d790000 - 0x00007ffa7d7a0000 	C:\Users\awoni\AppData\Local\Programs\IntelliJ IDEA Ultimate 2025.1\jbr\bin\net.dll
0x00007ffa8d3d0000 - 0x00007ffa8d4ed000 	C:\WINDOWS\SYSTEM32\WINHTTP.dll
0x00007ffa98f10000 - 0x00007ffa98f7a000 	C:\WINDOWS\system32\mswsock.dll
0x00007ffa74960000 - 0x00007ffa74976000 	C:\Users\awoni\AppData\Local\Programs\IntelliJ IDEA Ultimate 2025.1\jbr\bin\nio.dll
0x00007ffa98340000 - 0x00007ffa98373000 	C:\WINDOWS\SYSTEM32\IPHLPAPI.DLL
0x00007ffa9bc00000 - 0x00007ffa9bc0a000 	C:\WINDOWS\System32\NSI.dll
0x00007ffa991b0000 - 0x00007ffa991cc000 	C:\WINDOWS\SYSTEM32\CRYPTSP.dll
0x00007ffa98950000 - 0x00007ffa9898a000 	C:\WINDOWS\system32\rsaenh.dll
0x00007ffa98fb0000 - 0x00007ffa98fdb000 	C:\WINDOWS\SYSTEM32\USERENV.dll
0x00007ffa999a0000 - 0x00007ffa999c6000 	C:\WINDOWS\SYSTEM32\bcrypt.dll
0x00007ffa991d0000 - 0x00007ffa991dc000 	C:\WINDOWS\SYSTEM32\CRYPTBASE.dll
0x00007ffa873a0000 - 0x00007ffa873a9000 	C:\Users\awoni\AppData\Local\Programs\IntelliJ IDEA Ultimate 2025.1\jbr\bin\extnet.dll
0x00007ffa7d3a0000 - 0x00007ffa7d3a7000 	C:\Users\awoni\AppData\Local\Programs\IntelliJ IDEA Ultimate 2025.1\jbr\bin\rmi.dll
0x00007ffa98380000 - 0x00007ffa984a5000 	C:\WINDOWS\SYSTEM32\DNSAPI.dll
0x00007ffa900f0000 - 0x00007ffa900fb000 	C:\Windows\System32\rasadhlp.dll
0x00007ffa906c0000 - 0x00007ffa90745000 	C:\WINDOWS\System32\fwpuclnt.dll
0x00007ffa87390000 - 0x00007ffa87399000 	C:\Users\awoni\AppData\Local\Programs\IntelliJ IDEA Ultimate 2025.1\jbr\bin\management.dll
0x00007ffa7d8b0000 - 0x00007ffa7d8bb000 	C:\Users\awoni\AppData\Local\Programs\IntelliJ IDEA Ultimate 2025.1\jbr\bin\management_ext.dll
0x00007ffa9a830000 - 0x00007ffa9a838000 	C:\WINDOWS\System32\PSAPI.DLL
0x00007ffa873c0000 - 0x00007ffa873ce000 	C:\Users\awoni\AppData\Local\Programs\IntelliJ IDEA Ultimate 2025.1\jbr\bin\sunmscapi.dll
0x00007ffa9a1e0000 - 0x00007ffa9a357000 	C:\WINDOWS\System32\CRYPT32.dll
0x00007ffa993b0000 - 0x00007ffa993e0000 	C:\WINDOWS\SYSTEM32\ncrypt.dll
0x00007ffa99360000 - 0x00007ffa9939f000 	C:\WINDOWS\SYSTEM32\NTASN1.dll

dbghelp: loaded successfully - version: 4.0.5 - missing functions: none
symbol engine: initialized successfully - sym options: 0x614 - pdb path: .;C:\Users\awoni\AppData\Local\Programs\IntelliJ IDEA Ultimate 2025.1\jbr\bin;C:\WINDOWS\SYSTEM32;C:\WINDOWS\WinSxS\amd64_microsoft.windows.common-controls_6595b64144ccf1df_6.0.26100.3624_none_3e086962e3345f24;C:\Users\awoni\AppData\Local\Programs\IntelliJ IDEA Ultimate 2025.1\jbr\bin\server

VM Arguments:
jvm_args: -Djava.rmi.server.hostname=127.0.0.1 -Duser.timezone=UTC -Xmx2048m -Xms128m -Djdbc.classpath=C:\Users\awoni\AppData\Local\Temp\RemoteDriver1.classpath.txt --add-exports=java.desktop/sun.awt=ALL-UNNAMED --add-exports=java.desktop/java.awt.peer=ALL-UNNAMED --add-opens=java.desktop/java.awt=ALL-UNNAMED --add-opens=jdk.unsupported/sun.misc=ALL-UNNAMED --add-opens=java.base/java.nio=ALL-UNNAMED --add-opens=java.base/java.util=ALL-UNNAMED -Dfile.encoding=UTF-8 -Dsun.stdout.encoding=UTF-8 -Dsun.stderr.encoding=UTF-8 
java_command: com.intellij.database.remote.RemoteJdbcServer org.postgresql.Driver
java_class_path (initial): C:\Users\awoni\AppData\Local\Programs\IntelliJ IDEA Ultimate 2025.1\lib\util_rt.jar;C:\Users\awoni\AppData\Local\Programs\IntelliJ IDEA Ultimate 2025.1\lib\util-8.jar;C:\Users\awoni\AppData\Local\Programs\IntelliJ IDEA Ultimate 2025.1\lib\groovy.jar;C:\Users\awoni\AppData\Local\Programs\IntelliJ IDEA Ultimate 2025.1\plugins\DatabaseTools\lib\jdbc-console.jar;C:\Users\awoni\AppData\Local\Programs\IntelliJ IDEA Ultimate 2025.1\lib\modules\intellij.grid.types.jar;C:\Users\awoni\AppData\Local\Programs\IntelliJ IDEA Ultimate 2025.1\lib\util.jar;C:\Users\awoni\AppData\Local\Programs\IntelliJ IDEA Ultimate 2025.1\lib\bouncy-castle.jar
Launcher Type: SUN_STANDARD

[Global flags]
     intx CICompilerCount                          = 4                                         {product} {ergonomic}
     uint ConcGCThreads                            = 2                                         {product} {ergonomic}
     uint G1ConcRefinementThreads                  = 8                                         {product} {ergonomic}
   size_t G1HeapRegionSize                         = 1048576                                   {product} {ergonomic}
    uintx GCDrainStackTargetSize                   = 64                                        {product} {ergonomic}
   size_t InitialHeapSize                          = 134217728                                 {product} {command line}
   size_t MarkStackSize                            = 4194304                                   {product} {ergonomic}
   size_t MaxHeapSize                              = 2147483648                                {product} {command line}
   size_t MaxNewSize                               = 1287651328                                {product} {ergonomic}
   size_t MinHeapDeltaBytes                        = 1048576                                   {product} {ergonomic}
   size_t MinHeapSize                              = 134217728                                 {product} {command line}
    uintx NonNMethodCodeHeapSize                   = 5839372                                {pd product} {ergonomic}
    uintx NonProfiledCodeHeapSize                  = 122909434                              {pd product} {ergonomic}
    uintx ProfiledCodeHeapSize                     = 122909434                              {pd product} {ergonomic}
    uintx ReservedCodeCacheSize                    = 251658240                              {pd product} {ergonomic}
     bool SegmentedCodeCache                       = true                                      {product} {ergonomic}
   size_t SoftMaxHeapSize                          = 2147483648                             {manageable} {ergonomic}
     bool UseCompressedOops                        = true                           {product lp64_product} {ergonomic}
     bool UseG1GC                                  = true                                      {product} {ergonomic}
     bool UseLargePagesIndividualAllocation        = false                                  {pd product} {ergonomic}

Logging:
Log output configuration:
 #0: stdout all=warning uptime,level,tags foldmultilines=false
 #1: stderr all=off uptime,level,tags foldmultilines=false

Environment Variables:
JAVA_HOME=C:\Program Files\Eclipse Adoptium\jdk-21.0.6.7-hotspot
PATH=C:\Program Files\Eclipse Adoptium\jdk-21.0.6.7-hotspot\bin;C:\WINDOWS\system32;C:\WINDOWS;C:\WINDOWS\System32\Wbem;C:\WINDOWS\System32\WindowsPowerShell\v1.0\;C:\WINDOWS\System32\OpenSSH\;C:\Program Files\Eclipse Adoptium\jdk-21.0.6.7-hotspot\bin;C:\Program Files\apache-maven-3.9.9\bin;C:\Program Files\nodejs\;C:\Program Files\Git\cmd;C:\Program Files\PostgreSQL\17\bin;;C:\Program Files\Docker\Docker\resources\bin;C:\Program Files\MySQL\MySQL Shell 8.0\bin\;C:\Users\awoni\AppData\Local\Microsoft\WindowsApps;;C:\Program Files\JetBrains\IntelliJ IDEA Community Edition 2024.3.5\bin;;C:\Users\awoni\AppData\Roaming\npm;C:\Users\awoni\AppData\Local\Programs\Microsoft VS Code\bin
USERNAME=awoni
OS=Windows_NT
PROCESSOR_IDENTIFIER=Intel64 Family 6 Model 142 Stepping 12, GenuineIntel
TMP=C:\Users\awoni\AppData\Local\Temp
TEMP=C:\Users\awoni\AppData\Local\Temp




Periodic native trim disabled

JNI global refs:
JNI global refs: 17, weak refs: 0

JNI global refs memory usage: 835, weak refs: 833

Process memory usage:
Resident Set Size: 22976K (0% of 12359276K total physical memory with 1248204K free physical memory)

OOME stack traces (most recent first):
Classloader memory used:
Loader bootstrap                                                                       : 7922K
Loader jdk.internal.loader.ClassLoaders$AppClassLoader                                 : 3539K
Loader com.intellij.database.remote.jdbc.impl.JdbcClassLoader$JdbcClassLoaderImpl      : 2019K
Loader jdk.internal.loader.ClassLoaders$PlatformClassLoader                            : 421K
Loader jdk.internal.reflect.DelegatingClassLoader                                      : 168K
Loader com.intellij.database.remote.jdbc.impl.JdbcClassLoader$1                        : 6920B

---------------  S Y S T E M  ---------------

OS:
 Windows 11 , 64 bit Build 26100 (10.0.26100.3775)
OS uptime: 7 days 12:25 hours
Hyper-V role detected

CPU: total 8 (initial active 8) (4 cores per cpu, 2 threads per core) family 6 model 142 stepping 12 microcode 0xde, cx8, cmov, fxsr, ht, mmx, 3dnowpref, sse, sse2, sse3, ssse3, sse4.1, sse4.2, popcnt, lzcnt, tsc, tscinvbit, avx, avx2, aes, erms, clmul, bmi1, bmi2, adx, fma, vzeroupper, clflush, clflushopt, hv, rdtscp, f16c
Processor Information for processor 0
  Max Mhz: 2304, Current Mhz: 1502, Mhz Limit: 1797
Processor Information for processor 1
  Max Mhz: 2304, Current Mhz: 1803, Mhz Limit: 1797
Processor Information for processor 2
  Max Mhz: 2304, Current Mhz: 1502, Mhz Limit: 1797
Processor Information for processor 3
  Max Mhz: 2304, Current Mhz: 1502, Mhz Limit: 1797
Processor Information for processor 4
  Max Mhz: 2304, Current Mhz: 1502, Mhz Limit: 1797
Processor Information for processor 5
  Max Mhz: 2304, Current Mhz: 1502, Mhz Limit: 1797
Processor Information for processor 6
  Max Mhz: 2304, Current Mhz: 1502, Mhz Limit: 1797
Processor Information for processor 7
  Max Mhz: 2304, Current Mhz: 1502, Mhz Limit: 1797

Memory: 4k page, system-wide physical 12069M (1214M free)
TotalPageFile size 48933M (AvailPageFile size 7M)
current process WorkingSet (physical memory assigned to process): 29M, peak: 166M
current process commit charge ("private bytes"): 238M, peak: 294M

vm_info: OpenJDK 64-Bit Server VM (21.0.6+9-b895.109) for windows-amd64 JRE (21.0.6+9-b895.109), built on 2025-03-26 by "builduser" with MS VC++ 16.10 / 16.11 (VS2019)

END.
